# JRE version: OpenJDK Runtime Environment GraalVM CE 22.3.0 (17.0.5+8) (build 17.0.5+8-jvmci-22.3-b08)
# Java VM: OpenJDK 64-Bit Server VM GraalVM CE 22.3.0 (17.0.5+8-jvmci-22.3-b08, mixed mode, sharing, tiered, jvmci, jvmci compiler, compressed oops, compressed class ptrs, parallel gc, linux-amd64)
GC Precious Log:
 CPUs: 8 total, 1 available
 Memory: 1024M
 Large Page Support: Disabled
 NUMA Support: Disabled
 Compressed Oops: Enabled (32-bit)
 Alignments: Space 512K, Generation 512K, Heap 2M
 Heap Min Capacity: 100M
 Heap Initial Capacity: 100M
 Heap Max Capacity: 512M
 Pre-touch: Disabled
 Parallel Workers: 1
Heap:
 PSYoungGen      total 33792K, used 26111K [0x00000000f5580000, 0x00000000f8500000, 0x0000000100000000)
  eden space 26112K, 99% used [0x00000000f5580000,0x00000000f6effff8,0x00000000f6f00000)
  from space 7680K, 0% used [0x00000000f7a00000,0x00000000f7a00000,0x00000000f8180000)
  to   space 9728K, 0% used [0x00000000f6f00000,0x00000000f6f00000,0x00000000f7880000)
 ParOldGen       total 349696K, used 349695K [0x00000000e0000000, 0x00000000f5580000, 0x00000000f5580000)
  object space 349696K, 99% used [0x00000000e0000000,0x00000000f557fff0,0x00000000f5580000)
 Metaspace       used 53292K, committed 54272K, reserved 1105920K
  class space    used 5242K, committed 5632K, reserved 1048576K
GC Heap History (20 events):
Event: 647.436 GC heap before
{Heap before GC invocations=718 (full 606):
 PSYoungGen      total 33792K, used 26111K [0x00000000f5580000, 0x00000000f8500000, 0x0000000100000000)
  eden space 26112K, 99% used [0x00000000f5580000,0x00000000f6effff8,0x00000000f6f00000)
  from space 7680K, 0% used [0x00000000f7a00000,0x00000000f7a00000,0x00000000f8180000)
  to   space 9728K, 0% used [0x00000000f6f00000,0x00000000f6f00000,0x00000000f7880000)
 ParOldGen       total 349696K, used 349695K [0x00000000e0000000, 0x00000000f5580000, 0x00000000f5580000)
  object space 349696K, 99% used [0x00000000e0000000,0x00000000f557ffd8,0x00000000f5580000)
 Metaspace       used 53291K, committed 54272K, reserved 1105920K
  class space    used 5242K, committed 5632K, reserved 1048576K
}
Event: 648.532 GC heap after
{Heap after GC invocations=718 (full 606):
 PSYoungGen      total 35840K, used 26111K [0x00000000f5580000, 0x00000000f8500000, 0x0000000100000000)
  eden space 26112K, 99% used [0x00000000f5580000,0x00000000f6effff8,0x00000000f6f00000)
  from space 9728K, 0% used [0x00000000f6f00000,0x00000000f6f00000,0x00000000f7880000)
  to   space 7680K, 0% used [0x00000000f7a00000,0x00000000f7a00000,0x00000000f8180000)
 ParOldGen       total 349696K, used 349695K [0x00000000e0000000, 0x00000000f5580000, 0x00000000f5580000)
  object space 349696K, 99% used [0x00000000e0000000,0x00000000f557ffd8,0x00000000f5580000)
 Metaspace       used 53291K, committed 54272K, reserved 1105920K
  class space    used 5242K, committed 5632K, reserved 1048576K
}
Event: 648.533 GC heap before
{Heap before GC invocations=719 (full 607):
 PSYoungGen      total 35840K, used 26111K [0x00000000f5580000, 0x00000000f8500000, 0x0000000100000000)
  eden space 26112K, 99% used [0x00000000f5580000,0x00000000f6effff8,0x00000000f6f00000)
  from space 9728K, 0% used [0x00000000f6f00000,0x00000000f6f00000,0x00000000f7880000)
  to   space 7680K, 0% used [0x00000000f7a00000,0x00000000f7a00000,0x00000000f8180000)
 ParOldGen       total 349696K, used 349695K [0x00000000e0000000, 0x00000000f5580000, 0x00000000f5580000)
  object space 349696K, 99% used [0x00000000e0000000,0x00000000f557fff0,0x00000000f5580000)
 Metaspace       used 53292K, committed 54272K, reserved 1105920K
  class space    used 5242K, committed 5632K, reserved 1048576K
}
Event: 649.419 GC heap after
{Heap after GC invocations=719 (full 607):
 PSYoungGen      total 33792K, used 26111K [0x00000000f5580000, 0x00000000f8500000, 0x0000000100000000)
  eden space 26112K, 99% used [0x00000000f5580000,0x00000000f6effff8,0x00000000f6f00000)
  from space 7680K, 0% used [0x00000000f7a00000,0x00000000f7a00000,0x00000000f8180000)
  to   space 9728K, 0% used [0x00000000f6f00000,0x00000000f6f00000,0x00000000f7880000)
 ParOldGen       total 349696K, used 349695K [0x00000000e0000000, 0x00000000f5580000, 0x00000000f5580000)
  object space 349696K, 99% used [0x00000000e0000000,0x00000000f557fff0,0x00000000f5580000)
 Metaspace       used 53292K, committed 54272K, reserved 1105920K
  class space    used 5242K, committed 5632K, reserved 1048576K
}
Event: 649.419 GC heap before
{Heap before GC invocations=720 (full 608):
 PSYoungGen      total 33792K, used 26111K [0x00000000f5580000, 0x00000000f8500000, 0x0000000100000000)
  eden space 26112K, 99% used [0x00000000f5580000,0x00000000f6effff8,0x00000000f6f00000)
  from space 7680K, 0% used [0x00000000f7a00000,0x00000000f7a00000,0x00000000f8180000)
  to   space 9728K, 0% used [0x00000000f6f00000,0x00000000f6f00000,0x00000000f7880000)
 ParOldGen       total 349696K, used 349695K [0x00000000e0000000, 0x00000000f5580000, 0x00000000f5580000)
  object space 349696K, 99% used [0x00000000e0000000,0x00000000f557fff0,0x00000000f5580000)
 Metaspace       used 53292K, committed 54272K, reserved 1105920K
  class space    used 5242K, committed 5632K, reserved 1048576K
}
Event: 650.413 GC heap after
{Heap after GC invocations=720 (full 608):
 PSYoungGen      total 35840K, used 26111K [0x00000000f5580000, 0x00000000f8500000, 0x0000000100000000)
  eden space 26112K, 99% used [0x00000000f5580000,0x00000000f6effff8,0x00000000f6f00000)
  from space 9728K, 0% used [0x00000000f6f00000,0x00000000f6f00000,0x00000000f7880000)
  to   space 7680K, 0% used [0x00000000f7a00000,0x00000000f7a00000,0x00000000f8180000)
 ParOldGen       total 349696K, used 349695K [0x00000000e0000000, 0x00000000f5580000, 0x00000000f5580000)
  object space 349696K, 99% used [0x00000000e0000000,0x00000000f557fff0,0x00000000f5580000)
 Metaspace       used 53292K, committed 54272K, reserved 1105920K
  class space    used 5242K, committed 5632K, reserved 1048576K
}
Event: 650.413 GC heap before
{Heap before GC invocations=721 (full 609):
 PSYoungGen      total 35840K, used 26111K [0x00000000f5580000, 0x00000000f8500000, 0x0000000100000000)
  eden space 26112K, 99% used [0x00000000f5580000,0x00000000f6effff8,0x00000000f6f00000)
  from space 9728K, 0% used [0x00000000f6f00000,0x00000000f6f00000,0x00000000f7880000)
  to   space 7680K, 0% used [0x00000000f7a00000,0x00000000f7a00000,0x00000000f8180000)
 ParOldGen       total 349696K, used 349695K [0x00000000e0000000, 0x00000000f5580000, 0x00000000f5580000)
  object space 349696K, 99% used [0x00000000e0000000,0x00000000f557fff0,0x00000000f5580000)
 Metaspace       used 53292K, committed 54272K, reserved 1105920K
  class space    used 5242K, committed 5632K, reserved 1048576K
}
Event: 651.407 GC heap after
{Heap after GC invocations=721 (full 609):
 PSYoungGen      total 33792K, used 26111K [0x00000000f5580000, 0x00000000f8500000, 0x0000000100000000)
  eden space 26112K, 99% used [0x00000000f5580000,0x00000000f6effff8,0x00000000f6f00000)
  from space 7680K, 0% used [0x00000000f7a00000,0x00000000f7a00000,0x00000000f8180000)
  to   space 9728K, 0% used [0x00000000f6f00000,0x00000000f6f00000,0x00000000f7880000)
 ParOldGen       total 349696K, used 349695K [0x00000000e0000000, 0x00000000f5580000, 0x00000000f5580000)
  object space 349696K, 99% used [0x00000000e0000000,0x00000000f557fff0,0x00000000f5580000)
 Metaspace       used 53292K, committed 54272K, reserved 1105920K
  class space    used 5242K, committed 5632K, reserved 1048576K
}
Event: 651.407 GC heap before
{Heap before GC invocations=722 (full 610):
 PSYoungGen      total 33792K, used 26111K [0x00000000f5580000, 0x00000000f8500000, 0x0000000100000000)
  eden space 26112K, 99% used [0x00000000f5580000,0x00000000f6effff8,0x00000000f6f00000)
  from space 7680K, 0% used [0x00000000f7a00000,0x00000000f7a00000,0x00000000f8180000)
  to   space 9728K, 0% used [0x00000000f6f00000,0x00000000f6f00000,0x00000000f7880000)
 ParOldGen       total 349696K, used 349695K [0x00000000e0000000, 0x00000000f5580000, 0x00000000f5580000)
  object space 349696K, 99% used [0x00000000e0000000,0x00000000f557fff0,0x00000000f5580000)
 Metaspace       used 53292K, committed 54272K, reserved 1105920K
  class space    used 5242K, committed 5632K, reserved 1048576K
}
Event: 652.313 GC heap after
{Heap after GC invocations=722 (full 610):
 PSYoungGen      total 35840K, used 26111K [0x00000000f5580000, 0x00000000f8500000, 0x0000000100000000)
  eden space 26112K, 99% used [0x00000000f5580000,0x00000000f6effff8,0x00000000f6f00000)
  from space 9728K, 0% used [0x00000000f6f00000,0x00000000f6f00000,0x00000000f7880000)
  to   space 7680K, 0% used [0x00000000f7a00000,0x00000000f7a00000,0x00000000f8180000)
 ParOldGen       total 349696K, used 349695K [0x00000000e0000000, 0x00000000f5580000, 0x00000000f5580000)
  object space 349696K, 99% used [0x00000000e0000000,0x00000000f557fff0,0x00000000f5580000)
 Metaspace       used 53292K, committed 54272K, reserved 1105920K
  class space    used 5242K, committed 5632K, reserved 1048576K
}
Event: 652.313 GC heap before
{Heap before GC invocations=723 (full 611):
 PSYoungGen      total 35840K, used 26111K [0x00000000f5580000, 0x00000000f8500000, 0x0000000100000000)
  eden space 26112K, 99% used [0x00000000f5580000,0x00000000f6effff8,0x00000000f6f00000)
  from space 9728K, 0% used [0x00000000f6f00000,0x00000000f6f00000,0x00000000f7880000)
  to   space 7680K, 0% used [0x00000000f7a00000,0x00000000f7a00000,0x00000000f8180000)
 ParOldGen       total 349696K, used 349695K [0x00000000e0000000, 0x00000000f5580000, 0x00000000f5580000)
  object space 349696K, 99% used [0x00000000e0000000,0x00000000f557fff0,0x00000000f5580000)
 Metaspace       used 53292K, committed 54272K, reserved 1105920K
  class space    used 5242K, committed 5632K, reserved 1048576K
}
Event: 653.313 GC heap after
{Heap after GC invocations=723 (full 611):
 PSYoungGen      total 33792K, used 26111K [0x00000000f5580000, 0x00000000f8500000, 0x0000000100000000)
  eden space 26112K, 99% used [0x00000000f5580000,0x00000000f6effff8,0x00000000f6f00000)
  from space 7680K, 0% used [0x00000000f7a00000,0x00000000f7a00000,0x00000000f8180000)
  to   space 9728K, 0% used [0x00000000f6f00000,0x00000000f6f00000,0x00000000f7880000)
 ParOldGen       total 349696K, used 349695K [0x00000000e0000000, 0x00000000f5580000, 0x00000000f5580000)
  object space 349696K, 99% used [0x00000000e0000000,0x00000000f557fff0,0x00000000f5580000)
 Metaspace       used 53292K, committed 54272K, reserved 1105920K
  class space    used 5242K, committed 5632K, reserved 1048576K
}
Event: 653.313 GC heap before
{Heap before GC invocations=724 (full 612):
 PSYoungGen      total 33792K, used 26111K [0x00000000f5580000, 0x00000000f8500000, 0x0000000100000000)
  eden space 26112K, 99% used [0x00000000f5580000,0x00000000f6effff8,0x00000000f6f00000)
  from space 7680K, 0% used [0x00000000f7a00000,0x00000000f7a00000,0x00000000f8180000)
  to   space 9728K, 0% used [0x00000000f6f00000,0x00000000f6f00000,0x00000000f7880000)
 ParOldGen       total 349696K, used 349695K [0x00000000e0000000, 0x00000000f5580000, 0x00000000f5580000)
  object space 349696K, 99% used [0x00000000e0000000,0x00000000f557fff0,0x00000000f5580000)
 Metaspace       used 53292K, committed 54272K, reserved 1105920K
  class space    used 5242K, committed 5632K, reserved 1048576K
}
Event: 654.230 GC heap after
{Heap after GC invocations=724 (full 612):
 PSYoungGen      total 35840K, used 26111K [0x00000000f5580000, 0x00000000f8500000, 0x0000000100000000)
  eden space 26112K, 99% used [0x00000000f5580000,0x00000000f6effff8,0x00000000f6f00000)
  from space 9728K, 0% used [0x00000000f6f00000,0x00000000f6f00000,0x00000000f7880000)
  to   space 7680K, 0% used [0x00000000f7a00000,0x00000000f7a00000,0x00000000f8180000)
 ParOldGen       total 349696K, used 349695K [0x00000000e0000000, 0x00000000f5580000, 0x00000000f5580000)
  object space 349696K, 99% used [0x00000000e0000000,0x00000000f557fff0,0x00000000f5580000)
 Metaspace       used 53292K, committed 54272K, reserved 1105920K
  class space    used 5242K, committed 5632K, reserved 1048576K
}
Event: 654.230 GC heap before
{Heap before GC invocations=725 (full 613):
 PSYoungGen      total 35840K, used 26111K [0x00000000f5580000, 0x00000000f8500000, 0x0000000100000000)
  eden space 26112K, 99% used [0x00000000f5580000,0x00000000f6effff8,0x00000000f6f00000)
  from space 9728K, 0% used [0x00000000f6f00000,0x00000000f6f00000,0x00000000f7880000)
  to   space 7680K, 0% used [0x00000000f7a00000,0x00000000f7a00000,0x00000000f8180000)
 ParOldGen       total 349696K, used 349695K [0x00000000e0000000, 0x00000000f5580000, 0x00000000f5580000)
  object space 349696K, 99% used [0x00000000e0000000,0x00000000f557fff0,0x00000000f5580000)
 Metaspace       used 53292K, committed 54272K, reserved 1105920K
  class space    used 5242K, committed 5632K, reserved 1048576K
}
Event: 655.212 GC heap after
{Heap after GC invocations=725 (full 613):
 PSYoungGen      total 33792K, used 26111K [0x00000000f5580000, 0x00000000f8500000, 0x0000000100000000)
  eden space 26112K, 99% used [0x00000000f5580000,0x00000000f6effff8,0x00000000f6f00000)
  from space 7680K, 0% used [0x00000000f7a00000,0x00000000f7a00000,0x00000000f8180000)
  to   space 9728K, 0% used [0x00000000f6f00000,0x00000000f6f00000,0x00000000f7880000)
 ParOldGen       total 349696K, used 349695K [0x00000000e0000000, 0x00000000f5580000, 0x00000000f5580000)
  object space 349696K, 99% used [0x00000000e0000000,0x00000000f557ffd0,0x00000000f5580000)
 Metaspace       used 53292K, committed 54272K, reserved 1105920K
  class space    used 5242K, committed 5632K, reserved 1048576K
}
Event: 655.213 GC heap before
{Heap before GC invocations=726 (full 614):
 PSYoungGen      total 33792K, used 26111K [0x00000000f5580000, 0x00000000f8500000, 0x0000000100000000)
  eden space 26112K, 99% used [0x00000000f5580000,0x00000000f6effff8,0x00000000f6f00000)
  from space 7680K, 0% used [0x00000000f7a00000,0x00000000f7a00000,0x00000000f8180000)
  to   space 9728K, 0% used [0x00000000f6f00000,0x00000000f6f00000,0x00000000f7880000)
 ParOldGen       total 349696K, used 349695K [0x00000000e0000000, 0x00000000f5580000, 0x00000000f5580000)
  object space 349696K, 99% used [0x00000000e0000000,0x00000000f557fff0,0x00000000f5580000)
 Metaspace       used 53292K, committed 54272K, reserved 1105920K
  class space    used 5242K, committed 5632K, reserved 1048576K
}
Event: 656.210 GC heap after
{Heap after GC invocations=726 (full 614):
 PSYoungGen      total 35840K, used 26111K [0x00000000f5580000, 0x00000000f8500000, 0x0000000100000000)
  eden space 26112K, 99% used [0x00000000f5580000,0x00000000f6effff8,0x00000000f6f00000)
  from space 9728K, 0% used [0x00000000f6f00000,0x00000000f6f00000,0x00000000f7880000)
  to   space 7680K, 0% used [0x00000000f7a00000,0x00000000f7a00000,0x00000000f8180000)
 ParOldGen       total 349696K, used 349695K [0x00000000e0000000, 0x00000000f5580000, 0x00000000f5580000)
  object space 349696K, 99% used [0x00000000e0000000,0x00000000f557fff0,0x00000000f5580000)
 Metaspace       used 53292K, committed 54272K, reserved 1105920K
  class space    used 5242K, committed 5632K, reserved 1048576K
}
Event: 656.210 GC heap before
{Heap before GC invocations=727 (full 615):
 PSYoungGen      total 35840K, used 26111K [0x00000000f5580000, 0x00000000f8500000, 0x0000000100000000)
  eden space 26112K, 99% used [0x00000000f5580000,0x00000000f6effff8,0x00000000f6f00000)
  from space 9728K, 0% used [0x00000000f6f00000,0x00000000f6f00000,0x00000000f7880000)
  to   space 7680K, 0% used [0x00000000f7a00000,0x00000000f7a00000,0x00000000f8180000)
 ParOldGen       total 349696K, used 349695K [0x00000000e0000000, 0x00000000f5580000, 0x00000000f5580000)
  object space 349696K, 99% used [0x00000000e0000000,0x00000000f557fff0,0x00000000f5580000)
 Metaspace       used 53292K, committed 54272K, reserved 1105920K
  class space    used 5242K, committed 5632K, reserved 1048576K
}
Event: 657.117 GC heap after
{Heap after GC invocations=727 (full 615):
 PSYoungGen      total 33792K, used 26111K [0x00000000f5580000, 0x00000000f8500000, 0x0000000100000000)
  eden space 26112K, 99% used [0x00000000f5580000,0x00000000f6effff8,0x00000000f6f00000)
  from space 7680K, 0% used [0x00000000f7a00000,0x00000000f7a00000,0x00000000f8180000)
  to   space 9728K, 0% used [0x00000000f6f00000,0x00000000f6f00000,0x00000000f7880000)
 ParOldGen       total 349696K, used 349695K [0x00000000e0000000, 0x00000000f5580000, 0x00000000f5580000)
  object space 349696K, 99% used [0x00000000e0000000,0x00000000f557fff0,0x00000000f5580000)
 Metaspace       used 53292K, committed 54272K, reserved 1105920K
  class space    used 5242K, committed 5632K, reserved 1048576K
}

